17:19:44.270 [main] INFO  tests.TC002_Login - Setting up WebDriver...
17:21:02.991 [main] INFO  tests.TC002_Login - Setting up WebDriver...
17:22:07.090 [main] INFO  tests.TC002_Login - Setting up WebDriver...
17:22:12.150 [main] INFO  tests.TC002_Login - WebDriver initialized
17:22:12.172 [main] INFO  tests.TC002_Login - Starting test: verifyLogin | Class: TC002_Login | Thread: main | OS: Linux | Browser: Firefox
17:22:12.175 [main] INFO  tests.TC002_Login - Navigating to Login page
17:22:12.289 [main] INFO  tests.TC002_Login - Clicked 'My Account' link
17:22:12.921 [main] INFO  tests.TC002_Login - Clicked 'Login' link
17:22:12.921 [main] INFO  tests.TC002_Login - Retrieving test data from config file
17:22:12.986 [main] INFO  tests.TC002_Login - Entered test data: Email = emailo@example.com, Password = securePassword123
17:22:14.200 [main] INFO  tests.TC002_Login - Clicked Submit button
17:22:14.201 [main] INFO  tests.TC002_Login - Verifying Login success
17:22:14.216 [main] INFO  tests.TC002_Login - Login test completed successfully
17:22:14.884 [main] INFO  tests.TC002_Login - Webdriver quit
17:22:55.690 [main] INFO  tests.TC002_Login - Setting up WebDriver...
17:23:00.359 [main] INFO  tests.TC002_Login - WebDriver initialized
17:23:00.368 [main] INFO  tests.TC002_Login - Starting test: verifyLogin | Class: TC002_Login | Thread: main | OS: Linux | Browser: Firefox
17:23:00.369 [main] INFO  tests.TC002_Login - Navigating to Login page
17:23:00.475 [main] INFO  tests.TC002_Login - Clicked 'My Account' link
17:23:00.937 [main] INFO  tests.TC002_Login - Clicked 'Login' link
17:23:00.937 [main] INFO  tests.TC002_Login - Retrieving test data from config file
17:23:00.998 [main] INFO  tests.TC002_Login - Entered test data: Email = emailo@example.com, Password = securePassword1234
17:23:01.918 [main] INFO  tests.TC002_Login - Clicked Submit button
17:23:01.918 [main] INFO  tests.TC002_Login - Verifying Login success
17:23:11.950 [main] ERROR tests.TC002_Login - Test case failed: The following asserts failed:
	URL mismatch expected [https://tutorialsninja.com/demo/index.php?route=account/account] but found [https://tutorialsninja.com/demo/index.php?route=account/login],
	Title mismatch expected [My Account] but found [Account Login],
	My Account header not present expected [true] but found [false]
17:23:11.965 [main] ERROR tests.TC002_Login - Test failed: verifyLogin
17:23:11.965 [main] INFO  tests.TC002_Login - Taking screenshot
17:23:12.096 [main] INFO  tests.TC002_Login - Screenshot saved at: screenshots/verifyLogin_failed_1768756991965.png
17:23:12.740 [main] INFO  tests.TC002_Login - Webdriver quit
